<?xml version="1.0" encoding="UTF-8"?>
<testsuite xmlns:xsi="http://www.w3.org/2001/XMLSchema-instance" xsi:noNamespaceSchemaLocation="https://maven.apache.org/surefire/maven-surefire-plugin/xsd/surefire-test-report-3.0.xsd" version="3.0" name="com.ambulance.dispatch.AmbulanceDispatcherTest" time="0.21" tests="8" errors="0" skipped="0" failures="0">
  <properties>
[...]
</properties>
  <testcase name="emergencyShouldEnterWaitingQueueWhenNoAmbulanceExists" classname="com.ambulance.dispatch.AmbulanceDispatcherTest" time="0.041">
    <system-out><![CDATA[
Emergency request received for patient: P004
No suitable ambulance available.
Emergency added to waiting queue.
]]></system-out>
  </testcase>
  <testcase name="invalidPatientIdShouldThrowException" classname="com.ambulance.dispatch.AmbulanceDispatcherTest" time="0.011">
    <system-out><![CDATA[Ambulance added: AMB101
Ambulance added: AMB102
]]></system-out>
  </testcase>
  <testcase name="emergencyShouldBeDispatched" classname="com.ambulance.dispatch.AmbulanceDispatcherTest" time="0.009">
    <system-out><![CDATA[Ambulance added: AMB101
Ambulance added: AMB102

Emergency request received for patient: P002
Ambulance assigned: AMB102
Driver: Driver Two
Estimated distance: 7.0 km
Estimated arrival time: 10.50 minutes
]]></system-out>
  </testcase>
  <testcase name="emergencyHistoryShouldBeMaintained" classname="com.ambulance.dispatch.AmbulanceDispatcherTest" time="0.003">
    <system-out><![CDATA[Ambulance added: AMB101
Ambulance added: AMB102

Emergency request received for patient: P006
Ambulance assigned: AMB101
Driver: Driver One
Estimated distance: 3.0 km
Estimated arrival time: 4.50 minutes
]]></system-out>
  </testcase>
  <testcase name="waitingEmergencyShouldBeAutomaticallyAllocated" classname="com.ambulance.dispatch.AmbulanceDispatcherTest" time="0.013">
    <system-out><![CDATA[
Emergency request received for patient: P007
No suitable ambulance available.
Emergency added to waiting queue.
Ambulance added: AMB200
Ambulance assigned: AMB200
Driver: Driver Ten
Estimated distance: 5.0 km
Estimated arrival time: 7.50 minutes
AMB200 state changed to AVAILABLE
]]></system-out>
  </testcase>
  <testcase name="ambulanceStateShouldUpdate" classname="com.ambulance.dispatch.AmbulanceDispatcherTest" time="0.017">
    <system-out><![CDATA[Ambulance added: AMB101
Ambulance added: AMB102

Emergency request received for patient: P005
Ambulance assigned: AMB102
Driver: Driver Two
Estimated distance: 7.0 km
Estimated arrival time: 10.50 minutes
AMB102 state changed to EN_ROUTE
AMB102 state changed to PATIENT_PICKED_UP
AMB102 state changed to HOSPITAL_ARRIVED
]]></system-out>
  </testcase>
  <testcase name="ambulanceShouldBecomeUnavailableAfterDispatch" classname="com.ambulance.dispatch.AmbulanceDispatcherTest" time="0.005">
    <system-out><![CDATA[Ambulance added: AMB101
Ambulance added: AMB102

Emergency request received for patient: P003
Ambulance assigned: AMB102
Driver: Driver Two
Estimated distance: 7.0 km
Estimated arrival time: 10.50 minutes
]]></system-out>
  </testcase>
  <testcase name="criticalEmergencyShouldGetICUAmbulance" classname="com.ambulance.dispatch.AmbulanceDispatcherTest" time="0.004">
    <system-out><![CDATA[Ambulance added: AMB101
Ambulance added: AMB102

Emergency request received for patient: P001
Ambulance assigned: AMB102
Driver: Driver Two
Estimated distance: 7.0 km
Estimated arrival time: 10.50 minutes
]]></system-out>
  </testcase>
</testsuite>